Arguments: 
  C:\Program Files\nodejs\node.exe C:\Users\Desenvolvimento\AppData\Roaming\npm\node_modules\yarn\bin\yarn.js install

PATH: 
  C:\Program Files (x86)\VMware\VMware Player\bin\;C:\Program Files (x86)\Common Files\Oracle\Java\javapath;C:\Program Files\Common Files\Oracle\Java\javapath;C:\WINDOWS\system32;C:\WINDOWS;C:\WINDOWS\System32\Wbem;C:\WINDOWS\System32\WindowsPowerShell\v1.0\;C:\WINDOWS\System32\OpenSSH\;C:\Program Files\Git\cmd;C:\WINDOWS\system32\config\systemprofile\AppData\Roaming\npm;C:\Program Files\dotnet\;C:\Program Files\nodejs\;C:\Users\Desenvolvimento\AppData\Local\Programs\Python\Python310\Scripts\;C:\Users\Desenvolvimento\AppData\Local\Programs\Python\Python310\;C:\Users\Desenvolvimento\AppData\Local\Microsoft\WindowsApps;C:\Users\Desenvolvimento\AppData\Local\GitHubDesktop\bin;C:\Users\Desenvolvimento\AppData\Roaming\npm;C:\Users\Desenvolvimento\AppData\Local\Programs\Microsoft VS Code\bin

Yarn version: 
  1.22.18

Node version: 
  16.16.0

Platform: 
  win32 x64

Trace: 
  Error: connect ETIMEDOUT 104.16.17.35:443
      at TCPConnectWrap.afterConnect [as oncomplete] (node:net:1187:16)

npm manifest: 
  {
    "name": "aula03",
    "version": "1.0.0",
    "main": "node_modules/expo/AppEntry.js",
    "scripts": {
      "start": "expo start",
      "android": "expo start --android",
      "ios": "expo start --ios",
      "web": "expo start --web"
    },
    "dependencies": {
      "expo": "~46.0.9",
      "expo-status-bar": "~1.4.0",
      "react": "18.0.0",
      "react-native": "0.69.5"
    },
    "devDependencies": {
      "@babel/core": "^7.12.9"
    },
    "private": true
  }

yarn manifest: 
  No manifest

Lockfile: 
  No lockfile
